#! /usr/bin/vvp
:ivl_version "10.3 (stable)";
:ivl_delay_selection "TYPICAL";
:vpi_time_precision - 1;
:vpi_module "system";
:vpi_module "vhdl_sys";
:vpi_module "v2005_math";
:vpi_module "va_math";
S_0x563976dfd7e0 .scope module, "and2_tb" "and2_tb" 2 3;
 .timescale 0 -1;
v0x563976e0e340_0 .var "a", 0 0;
v0x563976e0e410_0 .var "b", 0 0;
v0x563976e0e4e0_0 .net "y", 0 0, L_0x563976e0e5e0;  1 drivers
S_0x563976dfd960 .scope module, "iand2" "and2" 2 7, 3 1 0, S_0x563976dfd7e0;
 .timescale 0 -1;
    .port_info 0 /INPUT 1 "a"
    .port_info 1 /INPUT 1 "b"
    .port_info 2 /OUTPUT 1 "y"
L_0x563976e0e5e0 .functor AND 1, v0x563976e0e340_0, v0x563976e0e410_0, C4<1>, C4<1>;
v0x563976dc80e0_0 .net "a", 0 0, v0x563976e0e340_0;  1 drivers
v0x563976e0e160_0 .net "b", 0 0, v0x563976e0e410_0;  1 drivers
v0x563976e0e220_0 .net "y", 0 0, L_0x563976e0e5e0;  alias, 1 drivers
    .scope S_0x563976dfd7e0;
T_0 ;
    %vpi_call 2 10 "$monitor", "a=%b, b=%b, c=%b", v0x563976e0e340_0, v0x563976e0e410_0, v0x563976e0e4e0_0 {0 0 0};
    %vpi_call 2 11 "$dumpfile", "and2.vcd" {0 0 0};
    %vpi_call 2 12 "$dumpvars", 32'sb00000000000000000000000000000000, S_0x563976dfd7e0 {0 0 0};
    %pushi/vec4 0, 0, 1;
    %store/vec4 v0x563976e0e340_0, 0, 1;
    %pushi/vec4 0, 0, 1;
    %store/vec4 v0x563976e0e410_0, 0, 1;
    %delay 100, 0;
    %pushi/vec4 0, 0, 1;
    %store/vec4 v0x563976e0e340_0, 0, 1;
    %pushi/vec4 1, 0, 1;
    %store/vec4 v0x563976e0e410_0, 0, 1;
    %delay 100, 0;
    %pushi/vec4 1, 0, 1;
    %store/vec4 v0x563976e0e340_0, 0, 1;
    %pushi/vec4 0, 0, 1;
    %store/vec4 v0x563976e0e410_0, 0, 1;
    %delay 100, 0;
    %pushi/vec4 1, 0, 1;
    %store/vec4 v0x563976e0e340_0, 0, 1;
    %pushi/vec4 1, 0, 1;
    %store/vec4 v0x563976e0e410_0, 0, 1;
    %delay 100, 0;
    %vpi_call 2 17 "$finish" {0 0 0};
    %end;
    .thread T_0;
# The file index is used to find the file name in the following table.
:file_names 4;
    "N/A";
    "<interactive>";
    "and2_tb.v";
    "./and2.v";
